<?xml version="1.0" encoding="UTF-8" standalone="no"?>
<testsuite failures="0" name="cucumber.runtime.formatter.JUnitFormatter" skipped="0" tests="1" time="0.059492">
    <testcase classname="To validate login functionality in FB application" name="To validate login by using valid email and invalid pass" time="0.059492">
        <system-out><![CDATA[Given User have to enter FB Login page......................................passed
When User have to enter valid email and invalid password....................passed
And user have to click login button.........................................passed
Then User have to be in invalid credential page.............................passed
]]></system-out>
    </testcase>
</testsuite>
